E:\DEV\WORKSPACES\QIBUILD\NAO-PUPPETMASTER-SERVER\BUILD-WIN32-VS2010\CMAKEFILES\GENERATE.STAMP
E:\dev\workspaces\qibuild\nao-puppetmaster-server\build-win32-vs2010\nao-puppetmaster-server.dir\Debug\cl.command.1.tlog
E:\dev\workspaces\qibuild\nao-puppetmaster-server\build-win32-vs2010\nao-puppetmaster-server.dir\Debug\CL.read.1.tlog
E:\dev\workspaces\qibuild\nao-puppetmaster-server\build-win32-vs2010\nao-puppetmaster-server.dir\Debug\CL.write.1.tlog
E:\dev\workspaces\qibuild\nao-puppetmaster-server\build-win32-vs2010\nao-puppetmaster-server.dir\Debug\custombuild.command.1.tlog
E:\dev\workspaces\qibuild\nao-puppetmaster-server\build-win32-vs2010\nao-puppetmaster-server.dir\Debug\custombuild.read.1.tlog
E:\dev\workspaces\qibuild\nao-puppetmaster-server\build-win32-vs2010\nao-puppetmaster-server.dir\Debug\custombuild.write.1.tlog
E:\dev\workspaces\qibuild\nao-puppetmaster-server\build-win32-vs2010\nao-puppetmaster-server.dir\Debug\link.2760.read.1.tlog
E:\dev\workspaces\qibuild\nao-puppetmaster-server\build-win32-vs2010\nao-puppetmaster-server.dir\Debug\link.2760.write.1.tlog
E:\dev\workspaces\qibuild\nao-puppetmaster-server\build-win32-vs2010\nao-puppetmaster-server.dir\Debug\link.2760-cvtres.read.1.tlog
E:\dev\workspaces\qibuild\nao-puppetmaster-server\build-win32-vs2010\nao-puppetmaster-server.dir\Debug\link.2760-cvtres.write.1.tlog
E:\dev\workspaces\qibuild\nao-puppetmaster-server\build-win32-vs2010\nao-puppetmaster-server.dir\Debug\link.4968.read.1.tlog
E:\dev\workspaces\qibuild\nao-puppetmaster-server\build-win32-vs2010\nao-puppetmaster-server.dir\Debug\link.4968.write.1.tlog
E:\dev\workspaces\qibuild\nao-puppetmaster-server\build-win32-vs2010\nao-puppetmaster-server.dir\Debug\link.4968-cvtres.read.1.tlog
E:\dev\workspaces\qibuild\nao-puppetmaster-server\build-win32-vs2010\nao-puppetmaster-server.dir\Debug\link.4968-cvtres.write.1.tlog
E:\dev\workspaces\qibuild\nao-puppetmaster-server\build-win32-vs2010\nao-puppetmaster-server.dir\Debug\link.5732.read.1.tlog
E:\dev\workspaces\qibuild\nao-puppetmaster-server\build-win32-vs2010\nao-puppetmaster-server.dir\Debug\link.5732.write.1.tlog
E:\dev\workspaces\qibuild\nao-puppetmaster-server\build-win32-vs2010\nao-puppetmaster-server.dir\Debug\link.5732-cvtres.read.1.tlog
E:\dev\workspaces\qibuild\nao-puppetmaster-server\build-win32-vs2010\nao-puppetmaster-server.dir\Debug\link.5732-cvtres.write.1.tlog
E:\dev\workspaces\qibuild\nao-puppetmaster-server\build-win32-vs2010\nao-puppetmaster-server.dir\Debug\link.5744.read.1.tlog
E:\dev\workspaces\qibuild\nao-puppetmaster-server\build-win32-vs2010\nao-puppetmaster-server.dir\Debug\link.5744.write.1.tlog
E:\dev\workspaces\qibuild\nao-puppetmaster-server\build-win32-vs2010\nao-puppetmaster-server.dir\Debug\link.5744-cvtres.read.1.tlog
E:\dev\workspaces\qibuild\nao-puppetmaster-server\build-win32-vs2010\nao-puppetmaster-server.dir\Debug\link.5744-cvtres.write.1.tlog
E:\dev\workspaces\qibuild\nao-puppetmaster-server\build-win32-vs2010\nao-puppetmaster-server.dir\Debug\link.5984.read.1.tlog
E:\dev\workspaces\qibuild\nao-puppetmaster-server\build-win32-vs2010\nao-puppetmaster-server.dir\Debug\link.5984.write.1.tlog
E:\dev\workspaces\qibuild\nao-puppetmaster-server\build-win32-vs2010\nao-puppetmaster-server.dir\Debug\link.5984-cvtres.read.1.tlog
E:\dev\workspaces\qibuild\nao-puppetmaster-server\build-win32-vs2010\nao-puppetmaster-server.dir\Debug\link.5984-cvtres.write.1.tlog
E:\dev\workspaces\qibuild\nao-puppetmaster-server\build-win32-vs2010\nao-puppetmaster-server.dir\Debug\link.6280.read.1.tlog
E:\dev\workspaces\qibuild\nao-puppetmaster-server\build-win32-vs2010\nao-puppetmaster-server.dir\Debug\link.6280.write.1.tlog
E:\dev\workspaces\qibuild\nao-puppetmaster-server\build-win32-vs2010\nao-puppetmaster-server.dir\Debug\link.6280-cvtres.read.1.tlog
E:\dev\workspaces\qibuild\nao-puppetmaster-server\build-win32-vs2010\nao-puppetmaster-server.dir\Debug\link.6280-cvtres.write.1.tlog
E:\dev\workspaces\qibuild\nao-puppetmaster-server\build-win32-vs2010\nao-puppetmaster-server.dir\Debug\link.6308.read.1.tlog
E:\dev\workspaces\qibuild\nao-puppetmaster-server\build-win32-vs2010\nao-puppetmaster-server.dir\Debug\link.6308.write.1.tlog
E:\dev\workspaces\qibuild\nao-puppetmaster-server\build-win32-vs2010\nao-puppetmaster-server.dir\Debug\link.6308-cvtres.read.1.tlog
E:\dev\workspaces\qibuild\nao-puppetmaster-server\build-win32-vs2010\nao-puppetmaster-server.dir\Debug\link.6308-cvtres.write.1.tlog
E:\dev\workspaces\qibuild\nao-puppetmaster-server\build-win32-vs2010\nao-puppetmaster-server.dir\Debug\link.6372.read.1.tlog
E:\dev\workspaces\qibuild\nao-puppetmaster-server\build-win32-vs2010\nao-puppetmaster-server.dir\Debug\link.6372.write.1.tlog
E:\dev\workspaces\qibuild\nao-puppetmaster-server\build-win32-vs2010\nao-puppetmaster-server.dir\Debug\link.6372-cvtres.read.1.tlog
E:\dev\workspaces\qibuild\nao-puppetmaster-server\build-win32-vs2010\nao-puppetmaster-server.dir\Debug\link.6372-cvtres.write.1.tlog
E:\dev\workspaces\qibuild\nao-puppetmaster-server\build-win32-vs2010\nao-puppetmaster-server.dir\Debug\link.6508.read.1.tlog
E:\dev\workspaces\qibuild\nao-puppetmaster-server\build-win32-vs2010\nao-puppetmaster-server.dir\Debug\link.6508.write.1.tlog
E:\dev\workspaces\qibuild\nao-puppetmaster-server\build-win32-vs2010\nao-puppetmaster-server.dir\Debug\link.6508-cvtres.read.1.tlog
E:\dev\workspaces\qibuild\nao-puppetmaster-server\build-win32-vs2010\nao-puppetmaster-server.dir\Debug\link.6508-cvtres.write.1.tlog
E:\dev\workspaces\qibuild\nao-puppetmaster-server\build-win32-vs2010\nao-puppetmaster-server.dir\Debug\link.6528.read.1.tlog
E:\dev\workspaces\qibuild\nao-puppetmaster-server\build-win32-vs2010\nao-puppetmaster-server.dir\Debug\link.6528.write.1.tlog
E:\dev\workspaces\qibuild\nao-puppetmaster-server\build-win32-vs2010\nao-puppetmaster-server.dir\Debug\link.6528-cvtres.read.1.tlog
E:\dev\workspaces\qibuild\nao-puppetmaster-server\build-win32-vs2010\nao-puppetmaster-server.dir\Debug\link.6528-cvtres.write.1.tlog
E:\dev\workspaces\qibuild\nao-puppetmaster-server\build-win32-vs2010\nao-puppetmaster-server.dir\Debug\link.7084.read.1.tlog
E:\dev\workspaces\qibuild\nao-puppetmaster-server\build-win32-vs2010\nao-puppetmaster-server.dir\Debug\link.7084.write.1.tlog
E:\dev\workspaces\qibuild\nao-puppetmaster-server\build-win32-vs2010\nao-puppetmaster-server.dir\Debug\link.7084-cvtres.read.1.tlog
E:\dev\workspaces\qibuild\nao-puppetmaster-server\build-win32-vs2010\nao-puppetmaster-server.dir\Debug\link.7084-cvtres.write.1.tlog
E:\dev\workspaces\qibuild\nao-puppetmaster-server\build-win32-vs2010\nao-puppetmaster-server.dir\Debug\link.7612.read.1.tlog
E:\dev\workspaces\qibuild\nao-puppetmaster-server\build-win32-vs2010\nao-puppetmaster-server.dir\Debug\link.7612.write.1.tlog
E:\dev\workspaces\qibuild\nao-puppetmaster-server\build-win32-vs2010\nao-puppetmaster-server.dir\Debug\link.7612-cvtres.read.1.tlog
E:\dev\workspaces\qibuild\nao-puppetmaster-server\build-win32-vs2010\nao-puppetmaster-server.dir\Debug\link.7612-cvtres.write.1.tlog
E:\dev\workspaces\qibuild\nao-puppetmaster-server\build-win32-vs2010\nao-puppetmaster-server.dir\Debug\link.8088.read.1.tlog
E:\dev\workspaces\qibuild\nao-puppetmaster-server\build-win32-vs2010\nao-puppetmaster-server.dir\Debug\link.8088.write.1.tlog
E:\dev\workspaces\qibuild\nao-puppetmaster-server\build-win32-vs2010\nao-puppetmaster-server.dir\Debug\link.8088-cvtres.read.1.tlog
E:\dev\workspaces\qibuild\nao-puppetmaster-server\build-win32-vs2010\nao-puppetmaster-server.dir\Debug\link.8088-cvtres.write.1.tlog
E:\dev\workspaces\qibuild\nao-puppetmaster-server\build-win32-vs2010\nao-puppetmaster-server.dir\Debug\link.command.1.tlog
E:\dev\workspaces\qibuild\nao-puppetmaster-server\build-win32-vs2010\nao-puppetmaster-server.dir\Debug\link.read.1.tlog
E:\dev\workspaces\qibuild\nao-puppetmaster-server\build-win32-vs2010\nao-puppetmaster-server.dir\Debug\link.write.1.tlog
E:\dev\workspaces\qibuild\nao-puppetmaster-server\build-win32-vs2010\nao-puppetmaster-server.dir\Debug\link-cvtres.read.1.tlog
E:\dev\workspaces\qibuild\nao-puppetmaster-server\build-win32-vs2010\nao-puppetmaster-server.dir\Debug\link-cvtres.write.1.tlog
E:\DEV\WORKSPACES\QIBUILD\NAO-PUPPETMASTER-SERVER\BUILD-WIN32-VS2010\NAO-PUPPETMASTER-SERVER.DIR\DEBUG\MAIN.OBJ
E:\dev\workspaces\qibuild\nao-puppetmaster-server\build-win32-vs2010\nao-puppetmaster-server.dir\Debug\mt.command.1.tlog
E:\dev\workspaces\qibuild\nao-puppetmaster-server\build-win32-vs2010\nao-puppetmaster-server.dir\Debug\mt.read.1.tlog
E:\dev\workspaces\qibuild\nao-puppetmaster-server\build-win32-vs2010\nao-puppetmaster-server.dir\Debug\mt.write.1.tlog
E:\dev\workspaces\qibuild\nao-puppetmaster-server\build-win32-vs2010\nao-puppetmaster-server.dir\Debug\nao-puppetmaster-server.write.1.tlog
E:\DEV\WORKSPACES\QIBUILD\NAO-PUPPETMASTER-SERVER\BUILD-WIN32-VS2010\NAO-PUPPETMASTER-SERVER.DIR\DEBUG\NAO-PUPPETMASTER-SERVER_D.EXE.EMBED.MANIFEST
E:\DEV\WORKSPACES\QIBUILD\NAO-PUPPETMASTER-SERVER\BUILD-WIN32-VS2010\NAO-PUPPETMASTER-SERVER.DIR\DEBUG\NAO-PUPPETMASTER-SERVER_D.EXE.EMBED.MANIFEST.RES
E:\DEV\WORKSPACES\QIBUILD\NAO-PUPPETMASTER-SERVER\BUILD-WIN32-VS2010\NAO-PUPPETMASTER-SERVER.DIR\DEBUG\NAO-PUPPETMASTER-SERVER_D.EXE.INTERMEDIATE.MANIFEST
E:\dev\workspaces\qibuild\nao-puppetmaster-server\build-win32-vs2010\nao-puppetmaster-server.dir\Debug\nao-puppetmaster-server_d_manifest.rc
E:\dev\workspaces\qibuild\nao-puppetmaster-server\build-win32-vs2010\nao-puppetmaster-server.dir\Debug\rc.command.1.tlog
E:\dev\workspaces\qibuild\nao-puppetmaster-server\build-win32-vs2010\nao-puppetmaster-server.dir\Debug\rc.read.1.tlog
E:\dev\workspaces\qibuild\nao-puppetmaster-server\build-win32-vs2010\nao-puppetmaster-server.dir\Debug\rc.write.1.tlog
E:\DEV\WORKSPACES\QIBUILD\NAO-PUPPETMASTER-SERVER\BUILD-WIN32-VS2010\SDK\BIN\NAO-PUPPETMASTER-SERVER_D.EXE
E:\DEV\WORKSPACES\QIBUILD\NAO-PUPPETMASTER-SERVER\BUILD-WIN32-VS2010\SDK\BIN\NAO-PUPPETMASTER-SERVER_D.ILK
E:\DEV\WORKSPACES\QIBUILD\NAO-PUPPETMASTER-SERVER\BUILD-WIN32-VS2010\SDK\BIN\NAO-PUPPETMASTER-SERVER_D.PDB
