E:\DEV\WORKSPACES\VS\NAO-PUPPETMASTER-GAMECONTROLLER-CLIENT\DEBUG\NAO-PUPPETMASTER-GAMECONTROLLER-CLIENT.EXE
E:\DEV\WORKSPACES\VS\NAO-PUPPETMASTER-GAMECONTROLLER-CLIENT\DEBUG\NAO-PUPPETMASTER-GAMECONTROLLER-CLIENT.ILK
E:\DEV\WORKSPACES\VS\NAO-PUPPETMASTER-GAMECONTROLLER-CLIENT\DEBUG\NAO-PUPPETMASTER-GAMECONTROLLER-CLIENT.PDB
E:\DEV\WORKSPACES\VS\NAO-PUPPETMASTER-GAMECONTROLLER-CLIENT\NAO-PUPPETMASTER-GAMECONTROLLER-CLIENT\DEBUG\ABOUTDLG.OBJ
E:\dev\workspaces\vs\nao-puppetmaster-gamecontroller-client\nao-puppetmaster-gamecontroller-client\Debug\cl.command.1.tlog
E:\dev\workspaces\vs\nao-puppetmaster-gamecontroller-client\nao-puppetmaster-gamecontroller-client\Debug\CL.read.1.tlog
E:\dev\workspaces\vs\nao-puppetmaster-gamecontroller-client\nao-puppetmaster-gamecontroller-client\Debug\CL.write.1.tlog
E:\DEV\WORKSPACES\VS\NAO-PUPPETMASTER-GAMECONTROLLER-CLIENT\NAO-PUPPETMASTER-GAMECONTROLLER-CLIENT\DEBUG\GAMECONTROLLERCLIENTAPP.OBJ
E:\DEV\WORKSPACES\VS\NAO-PUPPETMASTER-GAMECONTROLLER-CLIENT\NAO-PUPPETMASTER-GAMECONTROLLER-CLIENT\DEBUG\GAMECONTROLLERCLIENTDLG.OBJ
E:\DEV\WORKSPACES\VS\NAO-PUPPETMASTER-GAMECONTROLLER-CLIENT\NAO-PUPPETMASTER-GAMECONTROLLER-CLIENT\DEBUG\INPUTDEVICEABSTRACTIONLAYER.OBJ
E:\DEV\WORKSPACES\VS\NAO-PUPPETMASTER-GAMECONTROLLER-CLIENT\NAO-PUPPETMASTER-GAMECONTROLLER-CLIENT\DEBUG\INPUTDEVICESTREAMHANDLER.OBJ
E:\dev\workspaces\vs\nao-puppetmaster-gamecontroller-client\nao-puppetmaster-gamecontroller-client\Debug\link.command.1.tlog
E:\dev\workspaces\vs\nao-puppetmaster-gamecontroller-client\nao-puppetmaster-gamecontroller-client\Debug\link.read.1.tlog
E:\dev\workspaces\vs\nao-puppetmaster-gamecontroller-client\nao-puppetmaster-gamecontroller-client\Debug\link.write.1.tlog
E:\dev\workspaces\vs\nao-puppetmaster-gamecontroller-client\nao-puppetmaster-gamecontroller-client\Debug\link-cvtres.read.1.tlog
E:\dev\workspaces\vs\nao-puppetmaster-gamecontroller-client\nao-puppetmaster-gamecontroller-client\Debug\link-cvtres.write.1.tlog
E:\dev\workspaces\vs\nao-puppetmaster-gamecontroller-client\nao-puppetmaster-gamecontroller-client\Debug\mt.command.1.tlog
E:\dev\workspaces\vs\nao-puppetmaster-gamecontroller-client\nao-puppetmaster-gamecontroller-client\Debug\mt.read.1.tlog
E:\dev\workspaces\vs\nao-puppetmaster-gamecontroller-client\nao-puppetmaster-gamecontroller-client\Debug\mt.write.1.tlog
E:\DEV\WORKSPACES\VS\NAO-PUPPETMASTER-GAMECONTROLLER-CLIENT\NAO-PUPPETMASTER-GAMECONTROLLER-CLIENT\DEBUG\NAOCOMMAND.OBJ
E:\DEV\WORKSPACES\VS\NAO-PUPPETMASTER-GAMECONTROLLER-CLIENT\NAO-PUPPETMASTER-GAMECONTROLLER-CLIENT\DEBUG\NAO-PUPPETMASTER-GAMECONTROLLER-CLIENT.EXE.EMBED.MANIFEST
E:\DEV\WORKSPACES\VS\NAO-PUPPETMASTER-GAMECONTROLLER-CLIENT\NAO-PUPPETMASTER-GAMECONTROLLER-CLIENT\DEBUG\NAO-PUPPETMASTER-GAMECONTROLLER-CLIENT.EXE.EMBED.MANIFEST.RES
E:\DEV\WORKSPACES\VS\NAO-PUPPETMASTER-GAMECONTROLLER-CLIENT\NAO-PUPPETMASTER-GAMECONTROLLER-CLIENT\DEBUG\NAO-PUPPETMASTER-GAMECONTROLLER-CLIENT.EXE.INTERMEDIATE.MANIFEST
E:\DEV\WORKSPACES\VS\NAO-PUPPETMASTER-GAMECONTROLLER-CLIENT\NAO-PUPPETMASTER-GAMECONTROLLER-CLIENT\DEBUG\NAO-PUPPETMASTER-GAMECONTROLLER-CLIENT.PCH
E:\DEV\WORKSPACES\VS\NAO-PUPPETMASTER-GAMECONTROLLER-CLIENT\NAO-PUPPETMASTER-GAMECONTROLLER-CLIENT\DEBUG\NAO-PUPPETMASTER-GAMECONTROLLER-CLIENT.RES
E:\dev\workspaces\vs\nao-puppetmaster-gamecontroller-client\nao-puppetmaster-gamecontroller-client\Debug\nao-puppetmaster-gamecontroller-client_manifest.rc
E:\dev\workspaces\vs\nao-puppetmaster-gamecontroller-client\nao-puppetmaster-gamecontroller-client\Debug\rc.command.1.tlog
E:\dev\workspaces\vs\nao-puppetmaster-gamecontroller-client\nao-puppetmaster-gamecontroller-client\Debug\rc.read.1.tlog
E:\dev\workspaces\vs\nao-puppetmaster-gamecontroller-client\nao-puppetmaster-gamecontroller-client\Debug\rc.write.1.tlog
E:\DEV\WORKSPACES\VS\NAO-PUPPETMASTER-GAMECONTROLLER-CLIENT\NAO-PUPPETMASTER-GAMECONTROLLER-CLIENT\DEBUG\STDAFX.OBJ
E:\dev\workspaces\vs\nao-puppetmaster-gamecontroller-client\nao-puppetmaster-gamecontroller-client\Debug\vc100.idb
E:\DEV\WORKSPACES\VS\NAO-PUPPETMASTER-GAMECONTROLLER-CLIENT\NAO-PUPPETMASTER-GAMECONTROLLER-CLIENT\DEBUG\VC100.PDB
